[LOG] System::create                           : Header version = 1.10.04. Current version = 1.10.04.
[LOG] Manager::init                            : maxchannels = 256 studioflags = 00000006 flags 00000000 extradriverdata 0000000000000000.
[LOG] SystemI::init                            : Initialize version=11004 (93853), maxchannels=256, flags=0x00020000
[LOG] SystemI::setOutputInternal               : Setting output to 'FMOD WASAPI Output'
[LOG] OutputWASAPI::init                       : Mix Format (WAVEFORMATEX): wFormatTag=0xFFFE, nChannels=2, nSamplesPerSec=48000, nAvgBytesPerSec=384000, nBlockAlign=8, wBitsPerSample=32, cbSize=22.
[LOG] OutputWASAPI::init                       : Mix Format (WAVEFORMATEXTENSIBLE): wValidBitsPerSample=32, dwChannelMask=0x00000003, SubFormat=00000003-0000-0010-8000-00AA00389B71.
[LOG] OutputWASAPI::init                       : Output buffer size: 4096 samples, latency: 0.00ms, period: 10.00ms, DSP buffer: 1024 * 4
[LOG] Thread::initThread                       : Init FMOD stream thread. Priority: 2, Stack Size: 65536, Semaphore: No, Sleep Time: 10, Looping: Yes.
[LOG] Thread::initThread                       : Init FMOD mixer thread. Priority: 3, Stack Size: 49152, Semaphore: No, Sleep Time: 0, Looping: Yes.
[LOG] AsyncManager::init                       : manager 000000003B9DC158 isAsync 0 updatePeriod 0.02
[LOG] AsyncManager::init                       : done
[LOG] PlaybackSystem::init                     : 
[LOG] Thread::initThread                       : Init FMOD Studio sample load thread. Priority: 0, Stack Size: 65536, Semaphore: No, Sleep Time: 1, Looping: No.
[LOG] PlaybackSystem::init                     : done
[LOG] Thread::initThread                       : Init FMOD Studio bank load thread. Priority: 0, Stack Size: 65536, Semaphore: No, Sleep Time: 1, Looping: No.
[LOG] Manager::init                            : done.
[LOG] Manager::readBank                        : fileversion = 100, compatVersion = 99 (oldest = 44, newest = 100)
[LOG] Manager::readBank                        : fileversion = 100, compatVersion = 99 (oldest = 44, newest = 100)
[LOG] Manager::readBank                        : fileversion = 100, compatVersion = 99 (oldest = 44, newest = 100)
[LOG] Manager::readBank                        : fileversion = 100, compatVersion = 99 (oldest = 44, newest = 100)
[LOG] Manager::readBank                        : fileversion = 100, compatVersion = 99 (oldest = 44, newest = 100)
[LOG] Manager::readBank                        : fileversion = 100, compatVersion = 99 (oldest = 44, newest = 100)
[LOG] Manager::readBank                        : fileversion = 100, compatVersion = 99 (oldest = 44, newest = 100)
[LOG] Manager::readBank                        : fileversion = 100, compatVersion = 99 (oldest = 44, newest = 100)
[LOG] PlaybackSystem::acquireMasterBus         : Setting master channel group format to 3
[LOG] SoundI::release                          :  (000000003C6E4E38)
[LOG] SoundI::release                          :     Minimal_UI_36 (000000003D0F8C98)
[LOG] SoundI::release                          :  (000000003C6E32E8)
[LOG] SoundI::release                          :     Minimal_UI_12 (000000003D0FB058)
[LOG] SoundI::release                          :  (000000003C6E4878)
[LOG] SoundI::release                          :     CK_Sensors-15 (000000003D0FB538)
[LOG] SoundI::release                          :  (000000003C6E4CC8)
[LOG] SoundI::release                          :     BB_DRL__112 (000000003D0FB6D8)
[LOG] SoundI::release                          :  (000000003C6E4598)
[LOG] SoundI::release                          :     Multimedia_Internet_CDRom_Flash_Digital_Toy_Beep_Electronic_Fast_01 064-100 (000000003D0FA1B8)
[LOG] SoundI::release                          :  (000000003C6E3178)
[LOG] SoundI::release                          :     Minimal_UI_12 000-046 (000000003D0FAEB8)
[LOG] SoundI::release                          :  (000000003C6E5848)
[LOG] SoundI::release                          :     Multimedia_Internet_CDRom_Flash_Digital_Toy_Beep_Electronic_Fast_01 064-100 - Trimmed (7) (000000003D0F97F8)
[LOG] SoundI::release                          :  (000000003C6E4FA8)
[LOG] SoundI::release                          :     Multimedia_Internet_CDRom_Flash_Digital_Toy_Beep_Electronic_Fast_01 064-100 - Trimmed (2) (000000003D0F87B8)
[LOG] SoundI::release                          :  (000000003C6E3FD8)
[LOG] SoundI::release                          :     Multimedia_Internet_CDRom_Flash_Digital_Toy_Beep_Electronic_Fast_01 064-100 - Trimmed (6) (000000003D0FB398)
[LOG] SoundI::release                          :  (000000003C6E3A18)
[LOG] SoundI::release                          :     Multimedia_Internet_CDRom_Flash_Digital_Toy_Beep_Electronic_Fast_01 064-100 - Trimmed (4) (000000003D0F9E78)
[LOG] SoundI::release                          :  (000000003C6E63C8)
[LOG] SoundI::release                          :     BB_DRL__103 002-071 (000000003D0F8478)
[LOG] SoundI::release                          :  (000000003C6E49E8)
[LOG] SoundI::release                          :     Multimedia_Internet_CDRom_Flash_Digital_Toy_Beep_Electronic_Fast_01 064-100 - Trimmed (000000003D0F8138)
[LOG] SoundI::release                          :  (000000003C6E59B8)
[LOG] SoundI::release                          :     Multimedia_Internet_CDRom_Flash_Digital_Toy_Beep_Electronic_Fast_01 064-100 - Trimmed (5) (000000003D0F8618)
[LOG] SoundI::release                          :  (000000003C6E3E68)
[LOG] SoundI::release                          :     Multimedia_Internet_CDRom_Flash_Digital_Toy_Beep_Electronic_Fast_01 064-100 - Trimmed (8) (000000003D0FA358)
[LOG] SoundI::release                          :  (000000003C6EBE58)
[LOG] SoundI::release                          :     Multimedia_Internet_CDRom_Flash_Digital_Toy_Beep_Electronic_Fast_01 064-100 - Trimmed (3) (000000003D0F8958)
[LOG] Thread::callback                         : FMOD Studio update thread finished.
[LOG] Thread::callback                         : FMOD Studio bank load thread finished.
[LOG] Profile::disconnectAll                   : Profiler disconnecting all clients
[LOG] Thread::callback                         : FMOD Studio sample load thread finished.
[LOG] LiveUpdate::release                      : 
[LOG] LiveUpdate::reset                        : Reset connection (reason Disconnected)
[LOG] Thread::callback                         : FMOD stream thread finished.
[LOG] Thread::callback                         : FMOD mixer thread finished.
[LOG] Profile::disconnectAll                   : Profiler disconnecting all clients
[LOG] SystemI::close                           : Closed.
